#
# There is insufficient memory for the Java Runtime Environment to continue.
# Native memory allocation (mmap) failed to map 319815680 bytes for G1 virtual space
# Possible reasons:
#   The system is out of physical RAM or swap space
#   The process is running with CompressedOops enabled, and the Java Heap may be blocking the growth of the native heap
# Possible solutions:
#   Reduce memory load on the system
#   Increase physical memory or swap space
#   Check if swap backing store is full
#   Decrease Java heap size (-Xmx/-Xms)
#   Decrease number of Java threads
#   Decrease Java thread stack sizes (-Xss)
#   Set larger code cache with -XX:ReservedCodeCacheSize=
#   JVM is running with Unscaled Compressed Oops mode in which the Java heap is
#     placed in the first 4GB address space. The Java Heap base address is the
#     maximum limit for the native heap growth. Please use -XX:HeapBaseMinAddress
#     to set the Java Heap base and to place the Java Heap above 4GB virtual address.
# This output file may be truncated or incomplete.
#
#  Out of Memory Error (os_windows.cpp:3548), pid=15424, tid=10208
#
# JRE version: OpenJDK Runtime Environment Corretto-17.0.5.8.1 (17.0.5+8) (build 17.0.5+8-LTS)
# Java VM: OpenJDK 64-Bit Server VM Corretto-17.0.5.8.1 (17.0.5+8-LTS, mixed mode, sharing, tiered, compressed oops, compressed class ptrs, g1 gc, windows-amd64)
# No core dump will be written. Minidumps are not enabled by default on client versions of Windows
#

---------------  S U M M A R Y ------------

Command Line: -javaagent:C:\Program Files\JetBrains\IntelliJ IDEA Community Edition 2024.1.1\lib\idea_rt.jar=51040:C:\Program Files\JetBrains\IntelliJ IDEA Community Edition 2024.1.1\bin -Dfile.encoding=UTF-8 ru.project.BoardGames.BoardGamesApplication

Host: Intel(R) Core(TM) i5 CPU         760  @ 2.80GHz, 4 cores, 3G,  Windows 10 , 64 bit Build 19041 (10.0.19041.3636)
Time: Tue May 14 07:43:49 2024 RTZ 2 (s 10 , 64 bit Build 19041 (10.0.19041.3636) elapsed time: 793.796480 seconds (0d 0h 13m 13s)

---------------  T H R E A D  ---------------

Current thread (0x0000023cfefff000):  VMThread "VM Thread" [stack: 0x000000e090c00000,0x000000e090d00000] [id=10208]

Stack: [0x000000e090c00000,0x000000e090d00000]
Native frames: (J=compiled Java code, j=interpreted, Vv=VM code, C=native code)
V  [jvm.dll+0x646e0a]
V  [jvm.dll+0x7f7f14]
V  [jvm.dll+0x7f96ce]
V  [jvm.dll+0x7f9d23]
V  [jvm.dll+0x234c98]
V  [jvm.dll+0x643d6a]
V  [jvm.dll+0x63849a]
V  [jvm.dll+0x2f2ed9]
V  [jvm.dll+0x2fa066]
V  [jvm.dll+0x345a2a]
V  [jvm.dll+0x345c6f]
V  [jvm.dll+0x2c9378]
V  [jvm.dll+0x2c7867]
V  [jvm.dll+0x2c6e4c]
V  [jvm.dll+0x309f6b]
V  [jvm.dll+0x7fe15b]
V  [jvm.dll+0x7fee38]
V  [jvm.dll+0x7ff365]
V  [jvm.dll+0x7ff734]
V  [jvm.dll+0x7ff7fe]
V  [jvm.dll+0x7aac5a]
V  [jvm.dll+0x645cd5]
C  [ucrtbase.dll+0x21bb2]
C  [KERNEL32.DLL+0x17344]
C  [ntdll.dll+0x526b1]

VM_Operation (0x000000e0927f9160): G1CollectForAllocation, mode: safepoint, requested by thread 0x0000023c905848a0


---------------  P R O C E S S  ---------------

Threads class SMR info:
_java_thread_list=0x0000023c92230e80, length=31, elements={
0x0000023cff001bf0, 0x0000023cff003910, 0x0000023cff019830, 0x0000023cff01c1f0,
0x0000023cff01cdb0, 0x0000023cff020d90, 0x0000023cff025b60, 0x0000023cff038f80,
0x0000023cff041570, 0x0000023cffc5f360, 0x0000023cffff95d0, 0x0000023c8f1411b0,
0x0000023c8f73a880, 0x0000023c907c17f0, 0x0000023c918bf0a0, 0x0000023c90581880,
0x0000023c90580ee0, 0x0000023c90583a30, 0x0000023c905843d0, 0x0000023c90582bc0,
0x0000023c905848a0, 0x0000023c90582220, 0x0000023c90581d50, 0x0000023c90583090,
0x0000023c905813b0, 0x0000023c915378b0, 0x0000023c9153c0e0, 0x0000023c91539a60,
0x0000023c9153ddc0, 0x0000023c9153b740, 0x0000023c9153e290
}

Java Threads: ( => current thread )
  0x0000023cff001bf0 JavaThread "Reference Handler" daemon [_thread_blocked, id=10080, stack(0x000000e090d00000,0x000000e090e00000)]
  0x0000023cff003910 JavaThread "Finalizer" daemon [_thread_blocked, id=11392, stack(0x000000e090e00000,0x000000e090f00000)]
  0x0000023cff019830 JavaThread "Signal Dispatcher" daemon [_thread_blocked, id=10948, stack(0x000000e090f00000,0x000000e091000000)]
  0x0000023cff01c1f0 JavaThread "Attach Listener" daemon [_thread_blocked, id=14084, stack(0x000000e091000000,0x000000e091100000)]
  0x0000023cff01cdb0 JavaThread "Service Thread" daemon [_thread_blocked, id=10032, stack(0x000000e091100000,0x000000e091200000)]
  0x0000023cff020d90 JavaThread "Monitor Deflation Thread" daemon [_thread_blocked, id=12416, stack(0x000000e091200000,0x000000e091300000)]
  0x0000023cff025b60 JavaThread "C2 CompilerThread0" daemon [_thread_blocked, id=12700, stack(0x000000e091300000,0x000000e091400000)]
  0x0000023cff038f80 JavaThread "C1 CompilerThread0" daemon [_thread_blocked, id=428, stack(0x000000e091400000,0x000000e091500000)]
  0x0000023cff041570 JavaThread "Sweeper thread" daemon [_thread_blocked, id=14116, stack(0x000000e091500000,0x000000e091600000)]
  0x0000023cffc5f360 JavaThread "Common-Cleaner" daemon [_thread_blocked, id=13064, stack(0x000000e091600000,0x000000e091700000)]
  0x0000023cffff95d0 JavaThread "Monitor Ctrl-Break" daemon [_thread_in_native, id=14696, stack(0x000000e091700000,0x000000e091800000)]
  0x0000023c8f1411b0 JavaThread "Notification Thread" daemon [_thread_blocked, id=16296, stack(0x000000e091800000,0x000000e091900000)]
  0x0000023c8f73a880 JavaThread "Catalina-utility-1" [_thread_blocked, id=1844, stack(0x000000e091e00000,0x000000e091f00000)]
  0x0000023c907c17f0 JavaThread "Catalina-utility-2" [_thread_blocked, id=11384, stack(0x000000e091f00000,0x000000e092000000)]
  0x0000023c918bf0a0 JavaThread "container-0" [_thread_blocked, id=7360, stack(0x000000e092000000,0x000000e092100000)]
  0x0000023c90581880 JavaThread "PostgreSQL-JDBC-Cleaner" daemon [_thread_blocked, id=13796, stack(0x000000e092200000,0x000000e092300000)]
  0x0000023c90580ee0 JavaThread "HikariPool-1 housekeeper" daemon [_thread_blocked, id=14380, stack(0x000000e092300000,0x000000e092400000)]
  0x0000023c90583a30 JavaThread "lettuce-timer-3-1" daemon [_thread_blocked, id=11052, stack(0x000000e092400000,0x000000e092500000)]
  0x0000023c905843d0 JavaThread "http-nio-8888-exec-1" daemon [_thread_blocked, id=9844, stack(0x000000e092500000,0x000000e092600000)]
  0x0000023c90582bc0 JavaThread "http-nio-8888-exec-2" daemon [_thread_blocked, id=16556, stack(0x000000e092600000,0x000000e092700000)]
  0x0000023c905848a0 JavaThread "http-nio-8888-exec-3" daemon [_thread_blocked, id=9268, stack(0x000000e092700000,0x000000e092800000)]
  0x0000023c90582220 JavaThread "http-nio-8888-exec-4" daemon [_thread_blocked, id=17096, stack(0x000000e092800000,0x000000e092900000)]
  0x0000023c90581d50 JavaThread "http-nio-8888-exec-5" daemon [_thread_blocked, id=3028, stack(0x000000e092900000,0x000000e092a00000)]
  0x0000023c90583090 JavaThread "http-nio-8888-exec-6" daemon [_thread_blocked, id=17128, stack(0x000000e092a00000,0x000000e092b00000)]
  0x0000023c905813b0 JavaThread "http-nio-8888-exec-7" daemon [_thread_blocked, id=9068, stack(0x000000e092b00000,0x000000e092c00000)]
  0x0000023c915378b0 JavaThread "http-nio-8888-exec-8" daemon [_thread_blocked, id=6064, stack(0x000000e092c00000,0x000000e092d00000)]
  0x0000023c9153c0e0 JavaThread "http-nio-8888-exec-9" daemon [_thread_blocked, id=13256, stack(0x000000e092d00000,0x000000e092e00000)]
  0x0000023c91539a60 JavaThread "http-nio-8888-exec-10" daemon [_thread_blocked, id=1856, stack(0x000000e092e00000,0x000000e092f00000)]
  0x0000023c9153ddc0 JavaThread "http-nio-8888-Poller" daemon [_thread_in_native, id=16736, stack(0x000000e092f00000,0x000000e093000000)]
  0x0000023c9153b740 JavaThread "http-nio-8888-Acceptor" daemon [_thread_in_native, id=14364, stack(0x000000e093000000,0x000000e093100000)]
  0x0000023c9153e290 JavaThread "DestroyJavaVM" [_thread_blocked, id=8256, stack(0x000000e090600000,0x000000e090700000)]

Other Threads:
=>0x0000023cfefff000 VMThread "VM Thread" [stack: 0x000000e090c00000,0x000000e090d00000] [id=10208]
  0x0000023cf2b0fb60 WatcherThread [stack: 0x000000e091900000,0x000000e091a00000] [id=16076]
  0x0000023cf2afcfb0 GCTaskThread "GC Thread#0" [stack: 0x000000e090700000,0x000000e090800000] [id=15140]
  0x0000023c8f45e0c0 GCTaskThread "GC Thread#1" [stack: 0x000000e091a00000,0x000000e091b00000] [id=16176]
  0x0000023c8f29c270 GCTaskThread "GC Thread#2" [stack: 0x000000e091b00000,0x000000e091c00000] [id=7408]
  0x0000023c8f29c520 GCTaskThread "GC Thread#3" [stack: 0x000000e091c00000,0x000000e091d00000] [id=11956]
  0x0000023cf2b06700 ConcurrentGCThread "G1 Main Marker" [stack: 0x000000e090800000,0x000000e090900000] [id=3676]
  0x0000023cf2b071e0 ConcurrentGCThread "G1 Conc#0" [stack: 0x000000e090900000,0x000000e090a00000] [id=7524]
  0x0000023cf2b59690 ConcurrentGCThread "G1 Refine#0" [stack: 0x000000e090a00000,0x000000e090b00000] [id=8916]
  0x0000023c8f5748f0 ConcurrentGCThread "G1 Refine#1" [stack: 0x000000e091d00000,0x000000e091e00000] [id=10260]
  0x0000023cf2b5a0b0 ConcurrentGCThread "G1 Service" [stack: 0x000000e090b00000,0x000000e090c00000] [id=15168]

Threads with active compile tasks:

VM state: at safepoint (normal execution)

VM Mutex/Monitor currently owned by a thread:  ([mutex/lock_event])
[0x0000023cf2abd8e0] Threads_lock - owner thread: 0x0000023cfefff000
[0x0000023cf2abda90] Heap_lock - owner thread: 0x0000023c905848a0

Heap address: 0x00000000c0000000, size: 1024 MB, Compressed Oops mode: 32-bit

CDS archive(s) mapped at: [0x0000000800000000-0x0000000800bc0000-0x0000000800bc0000), size 12320768, SharedBaseAddress: 0x0000000800000000, ArchiveRelocationMode: 0.
Compressed class space mapped at: 0x0000000800c00000-0x0000000840c00000, reserved size: 1073741824
Narrow klass base: 0x0000000800000000, Narrow klass shift: 0, Narrow klass range: 0x100000000

GC Precious Log:
 CPUs: 4 total, 4 available
 Memory: 4094M
 Large Page Support: Disabled
 NUMA Support: Disabled
 Compressed Oops: Enabled (32-bit)
 Heap Region Size: 1M
 Heap Min Capacity: 8M
 Heap Initial Capacity: 64M
 Heap Max Capacity: 1G
 Pre-touch: Disabled
 Parallel Workers: 4
 Concurrent Workers: 1
 Concurrent Refinement Workers: 4
 Periodic GC: Disabled

Heap:
 garbage-first heap   total 169984K, used 71892K [0x00000000c0000000, 0x0000000100000000)
  region size 1024K, 2 young (2048K), 2 survivors (2048K)
 Metaspace       used 90300K, committed 90880K, reserved 1130496K
  class space    used 12282K, committed 12544K, reserved 1048576K

Heap Regions: E=young(eden), S=young(survivor), O=old, HS=humongous(starts), HC=humongous(continues), CS=collection set, F=free, OA=open archive, CA=closed archive, TAMS=top-at-mark-start (previous, next)
|   0|0x00000000c0000000, 0x00000000c0100000, 0x00000000c0100000|100%|HS|  |TAMS 0x00000000c0100000, 0x00000000c0000000| Complete 
|   1|0x00000000c0100000, 0x00000000c0200000, 0x00000000c0200000|100%| O|  |TAMS 0x00000000c0200000, 0x00000000c0100000| Untracked 
|   2|0x00000000c0200000, 0x00000000c0300000, 0x00000000c0300000|100%| O|  |TAMS 0x00000000c0300000, 0x00000000c0200000| Untracked 
|   3|0x00000000c0300000, 0x00000000c0400000, 0x00000000c0400000|100%| O|  |TAMS 0x00000000c0400000, 0x00000000c0300000| Untracked 
|   4|0x00000000c0400000, 0x00000000c0500000, 0x00000000c0500000|100%| O|  |TAMS 0x00000000c0500000, 0x00000000c0400000| Untracked 
|   5|0x00000000c0500000, 0x00000000c0600000, 0x00000000c0600000|100%| O|  |TAMS 0x00000000c0600000, 0x00000000c0500000| Untracked 
|   6|0x00000000c0600000, 0x00000000c0700000, 0x00000000c0700000|100%| O|  |TAMS 0x00000000c0700000, 0x00000000c0600000| Untracked 
|   7|0x00000000c0700000, 0x00000000c0800000, 0x00000000c0800000|100%| O|  |TAMS 0x00000000c0800000, 0x00000000c0700000| Untracked 
|   8|0x00000000c0800000, 0x00000000c0900000, 0x00000000c0900000|100%| O|  |TAMS 0x00000000c0900000, 0x00000000c0800000| Untracked 
|   9|0x00000000c0900000, 0x00000000c0a00000, 0x00000000c0a00000|100%| O|  |TAMS 0x00000000c0a00000, 0x00000000c0900000| Untracked 
|  10|0x00000000c0a00000, 0x00000000c0b00000, 0x00000000c0b00000|100%| O|  |TAMS 0x00000000c0b00000, 0x00000000c0a00000| Untracked 
|  11|0x00000000c0b00000, 0x00000000c0c00000, 0x00000000c0c00000|100%| O|  |TAMS 0x00000000c0c00000, 0x00000000c0b00000| Untracked 
|  12|0x00000000c0c00000, 0x00000000c0d00000, 0x00000000c0d00000|100%| O|  |TAMS 0x00000000c0d00000, 0x00000000c0c00000| Untracked 
|  13|0x00000000c0d00000, 0x00000000c0e00000, 0x00000000c0e00000|100%| O|  |TAMS 0x00000000c0e00000, 0x00000000c0d00000| Untracked 
|  14|0x00000000c0e00000, 0x00000000c0f00000, 0x00000000c0f00000|100%| O|  |TAMS 0x00000000c0f00000, 0x00000000c0e00000| Untracked 
|  15|0x00000000c0f00000, 0x00000000c1000000, 0x00000000c1000000|100%| O|  |TAMS 0x00000000c1000000, 0x00000000c0f00000| Untracked 
|  16|0x00000000c1000000, 0x00000000c1100000, 0x00000000c1100000|100%| O|  |TAMS 0x00000000c1100000, 0x00000000c1000000| Untracked 
|  17|0x00000000c1100000, 0x00000000c1200000, 0x00000000c1200000|100%| O|  |TAMS 0x00000000c1200000, 0x00000000c1100000| Untracked 
|  18|0x00000000c1200000, 0x00000000c1300000, 0x00000000c1300000|100%| O|  |TAMS 0x00000000c1300000, 0x00000000c1200000| Untracked 
|  19|0x00000000c1300000, 0x00000000c1400000, 0x00000000c1400000|100%| O|  |TAMS 0x00000000c1400000, 0x00000000c1300000| Untracked 
|  20|0x00000000c1400000, 0x00000000c1500000, 0x00000000c1500000|100%| O|  |TAMS 0x00000000c1500000, 0x00000000c1400000| Untracked 
|  21|0x00000000c1500000, 0x00000000c1600000, 0x00000000c1600000|100%| O|  |TAMS 0x00000000c1600000, 0x00000000c1500000| Untracked 
|  22|0x00000000c1600000, 0x00000000c1700000, 0x00000000c1700000|100%| O|  |TAMS 0x00000000c1700000, 0x00000000c1600000| Untracked 
|  23|0x00000000c1700000, 0x00000000c1800000, 0x00000000c1800000|100%| O|  |TAMS 0x00000000c1800000, 0x00000000c1700000| Untracked 
|  24|0x00000000c1800000, 0x00000000c1900000, 0x00000000c1900000|100%| O|  |TAMS 0x00000000c1900000, 0x00000000c1800000| Untracked 
|  25|0x00000000c1900000, 0x00000000c1a00000, 0x00000000c1a00000|100%| O|  |TAMS 0x00000000c1a00000, 0x00000000c1900000| Untracked 
|  26|0x00000000c1a00000, 0x00000000c1b00000, 0x00000000c1b00000|100%| O|  |TAMS 0x00000000c1b00000, 0x00000000c1a00000| Untracked 
|  27|0x00000000c1b00000, 0x00000000c1c00000, 0x00000000c1c00000|100%| O|  |TAMS 0x00000000c1c00000, 0x00000000c1b00000| Untracked 
|  28|0x00000000c1c00000, 0x00000000c1d00000, 0x00000000c1d00000|100%| O|  |TAMS 0x00000000c1d00000, 0x00000000c1c00000| Untracked 
|  29|0x00000000c1d00000, 0x00000000c1e00000, 0x00000000c1e00000|100%| O|  |TAMS 0x00000000c1e00000, 0x00000000c1d00000| Untracked 
|  30|0x00000000c1e00000, 0x00000000c1f00000, 0x00000000c1f00000|100%| O|  |TAMS 0x00000000c1f00000, 0x00000000c1e00000| Untracked 
|  31|0x00000000c1f00000, 0x00000000c2000000, 0x00000000c2000000|100%| O|  |TAMS 0x00000000c2000000, 0x00000000c1f00000| Untracked 
|  32|0x00000000c2000000, 0x00000000c2100000, 0x00000000c2100000|100%| O|  |TAMS 0x00000000c2100000, 0x00000000c2000000| Untracked 
|  33|0x00000000c2100000, 0x00000000c2200000, 0x00000000c2200000|100%| O|  |TAMS 0x00000000c2100000, 0x00000000c2100000| Untracked 
|  34|0x00000000c2200000, 0x00000000c2300000, 0x00000000c2300000|100%| O|  |TAMS 0x00000000c2300000, 0x00000000c2200000| Untracked 
|  35|0x00000000c2300000, 0x00000000c2400000, 0x00000000c2400000|100%| O|  |TAMS 0x00000000c233f600, 0x00000000c2300000| Untracked 
|  36|0x00000000c2400000, 0x00000000c2500000, 0x00000000c2500000|100%| O|  |TAMS 0x00000000c2400000, 0x00000000c2400000| Untracked 
|  37|0x00000000c2500000, 0x00000000c2600000, 0x00000000c2600000|100%| O|  |TAMS 0x00000000c2500000, 0x00000000c2500000| Untracked 
|  38|0x00000000c2600000, 0x00000000c2700000, 0x00000000c2700000|100%| O|  |TAMS 0x00000000c2600000, 0x00000000c2600000| Untracked 
|  39|0x00000000c2700000, 0x00000000c2800000, 0x00000000c2800000|100%| O|  |TAMS 0x00000000c2700000, 0x00000000c2700000| Untracked 
|  40|0x00000000c2800000, 0x00000000c2900000, 0x00000000c2900000|100%| O|  |TAMS 0x00000000c2800000, 0x00000000c2800000| Untracked 
|  41|0x00000000c2900000, 0x00000000c2a00000, 0x00000000c2a00000|100%| O|  |TAMS 0x00000000c2900000, 0x00000000c2900000| Untracked 
|  42|0x00000000c2a00000, 0x00000000c2b00000, 0x00000000c2b00000|100%| O|  |TAMS 0x00000000c2a00000, 0x00000000c2a00000| Untracked 
|  43|0x00000000c2b00000, 0x00000000c2c00000, 0x00000000c2c00000|100%| O|  |TAMS 0x00000000c2b00000, 0x00000000c2b00000| Untracked 
|  44|0x00000000c2c00000, 0x00000000c2d00000, 0x00000000c2d00000|100%| O|  |TAMS 0x00000000c2c00000, 0x00000000c2c00000| Untracked 
|  45|0x00000000c2d00000, 0x00000000c2e00000, 0x00000000c2e00000|100%| O|  |TAMS 0x00000000c2d00000, 0x00000000c2d00000| Untracked 
|  46|0x00000000c2e00000, 0x00000000c2f00000, 0x00000000c2f00000|100%| O|  |TAMS 0x00000000c2e00000, 0x00000000c2e00000| Untracked 
|  47|0x00000000c2f00000, 0x00000000c3000000, 0x00000000c3000000|100%| O|  |TAMS 0x00000000c2f00000, 0x00000000c2f00000| Untracked 
|  48|0x00000000c3000000, 0x00000000c3100000, 0x00000000c3100000|100%| O|  |TAMS 0x00000000c3000000, 0x00000000c3000000| Untracked 
|  49|0x00000000c3100000, 0x00000000c3200000, 0x00000000c3200000|100%| O|  |TAMS 0x00000000c3100000, 0x00000000c3100000| Untracked 
|  50|0x00000000c3200000, 0x00000000c3300000, 0x00000000c3300000|100%| O|  |TAMS 0x00000000c3200000, 0x00000000c3200000| Untracked 
|  51|0x00000000c3300000, 0x00000000c3335200, 0x00000000c3400000| 20%| O|  |TAMS 0x00000000c3300000, 0x00000000c3300000| Untracked 
|  52|0x00000000c3400000, 0x00000000c3500000, 0x00000000c3500000|100%| O|  |TAMS 0x00000000c3400000, 0x00000000c3400000| Untracked 
|  53|0x00000000c3500000, 0x00000000c3600000, 0x00000000c3600000|100%| O|  |TAMS 0x00000000c3500000, 0x00000000c3500000| Untracked 
|  54|0x00000000c3600000, 0x00000000c3700000, 0x00000000c3700000|100%| O|  |TAMS 0x00000000c3600000, 0x00000000c3600000| Untracked 
|  55|0x00000000c3700000, 0x00000000c3800000, 0x00000000c3800000|100%| O|  |TAMS 0x00000000c3700000, 0x00000000c3700000| Untracked 
|  56|0x00000000c3800000, 0x00000000c3900000, 0x00000000c3900000|100%| O|  |TAMS 0x00000000c3800000, 0x00000000c3800000| Untracked 
|  57|0x00000000c3900000, 0x00000000c3a00000, 0x00000000c3a00000|100%| O|  |TAMS 0x00000000c3900000, 0x00000000c3900000| Untracked 
|  58|0x00000000c3a00000, 0x00000000c3b00000, 0x00000000c3b00000|100%|HS|  |TAMS 0x00000000c3a00000, 0x00000000c3a00000| Complete 
|  59|0x00000000c3b00000, 0x00000000c3c00000, 0x00000000c3c00000|100%|HC|  |TAMS 0x00000000c3b00000, 0x00000000c3b00000| Complete 
|  60|0x00000000c3c00000, 0x00000000c3c00000, 0x00000000c3d00000|  0%| F|  |TAMS 0x00000000c3c00000, 0x00000000c3c00000| Untracked 
|  61|0x00000000c3d00000, 0x00000000c3e00000, 0x00000000c3e00000|100%|HS|  |TAMS 0x00000000c3d00000, 0x00000000c3d00000| Complete 
|  62|0x00000000c3e00000, 0x00000000c3f00000, 0x00000000c3f00000|100%|HC|  |TAMS 0x00000000c3e00000, 0x00000000c3e00000| Complete 
|  63|0x00000000c3f00000, 0x00000000c4000000, 0x00000000c4000000|100%| O|  |TAMS 0x00000000c3f00000, 0x00000000c3f00000| Untracked 
|  64|0x00000000c4000000, 0x00000000c4100000, 0x00000000c4100000|100%| O|  |TAMS 0x00000000c4000000, 0x00000000c4000000| Untracked 
|  65|0x00000000c4100000, 0x00000000c4200000, 0x00000000c4200000|100%|HS|  |TAMS 0x00000000c4100000, 0x00000000c4100000| Complete 
|  66|0x00000000c4200000, 0x00000000c4300000, 0x00000000c4300000|100%|HC|  |TAMS 0x00000000c4200000, 0x00000000c4200000| Complete 
|  67|0x00000000c4300000, 0x00000000c4400000, 0x00000000c4400000|100%|HS|  |TAMS 0x00000000c4300000, 0x00000000c4300000| Complete 
|  68|0x00000000c4400000, 0x00000000c4500000, 0x00000000c4500000|100%|HC|  |TAMS 0x00000000c4400000, 0x00000000c4400000| Complete 
|  69|0x00000000c4500000, 0x00000000c4600000, 0x00000000c4600000|100%| O|  |TAMS 0x00000000c4500000, 0x00000000c4500000| Untracked 
|  70|0x00000000c4600000, 0x00000000c4600000, 0x00000000c4700000|  0%| F|  |TAMS 0x00000000c4600000, 0x00000000c4600000| Untracked 
|  71|0x00000000c4700000, 0x00000000c4700000, 0x00000000c4800000|  0%| F|  |TAMS 0x00000000c4700000, 0x00000000c4700000| Untracked 
|  72|0x00000000c4800000, 0x00000000c4800000, 0x00000000c4900000|  0%| F|  |TAMS 0x00000000c4800000, 0x00000000c4800000| Untracked 
|  73|0x00000000c4900000, 0x00000000c4900000, 0x00000000c4a00000|  0%| F|  |TAMS 0x00000000c4900000, 0x00000000c4900000| Untracked 
|  74|0x00000000c4a00000, 0x00000000c4a00000, 0x00000000c4b00000|  0%| F|  |TAMS 0x00000000c4a00000, 0x00000000c4a00000| Untracked 
|  75|0x00000000c4b00000, 0x00000000c4b00000, 0x00000000c4c00000|  0%| F|  |TAMS 0x00000000c4b00000, 0x00000000c4b00000| Untracked 
|  76|0x00000000c4c00000, 0x00000000c4c00000, 0x00000000c4d00000|  0%| F|  |TAMS 0x00000000c4c00000, 0x00000000c4c00000| Untracked 
|  77|0x00000000c4d00000, 0x00000000c4d00000, 0x00000000c4e00000|  0%| F|  |TAMS 0x00000000c4d00000, 0x00000000c4d00000| Untracked 
|  78|0x00000000c4e00000, 0x00000000c4e00000, 0x00000000c4f00000|  0%| F|  |TAMS 0x00000000c4e00000, 0x00000000c4e00000| Untracked 
|  79|0x00000000c4f00000, 0x00000000c4f00000, 0x00000000c5000000|  0%| F|  |TAMS 0x00000000c4f00000, 0x00000000c4f00000| Untracked 
|  80|0x00000000c5000000, 0x00000000c5000000, 0x00000000c5100000|  0%| F|  |TAMS 0x00000000c5000000, 0x00000000c5000000| Untracked 
|  81|0x00000000c5100000, 0x00000000c5100000, 0x00000000c5200000|  0%| F|  |TAMS 0x00000000c5100000, 0x00000000c5100000| Untracked 
|  82|0x00000000c5200000, 0x00000000c5200000, 0x00000000c5300000|  0%| F|  |TAMS 0x00000000c5200000, 0x00000000c5200000| Untracked 
|  83|0x00000000c5300000, 0x00000000c5300000, 0x00000000c5400000|  0%| F|  |TAMS 0x00000000c5300000, 0x00000000c5300000| Untracked 
|  84|0x00000000c5400000, 0x00000000c5400000, 0x00000000c5500000|  0%| F|  |TAMS 0x00000000c5400000, 0x00000000c5400000| Untracked 
|  85|0x00000000c5500000, 0x00000000c5500000, 0x00000000c5600000|  0%| F|  |TAMS 0x00000000c5500000, 0x00000000c5500000| Untracked 
|  86|0x00000000c5600000, 0x00000000c5600000, 0x00000000c5700000|  0%| F|  |TAMS 0x00000000c5600000, 0x00000000c5600000| Untracked 
|  87|0x00000000c5700000, 0x00000000c5700000, 0x00000000c5800000|  0%| F|  |TAMS 0x00000000c5700000, 0x00000000c5700000| Untracked 
|  88|0x00000000c5800000, 0x00000000c5800000, 0x00000000c5900000|  0%| F|  |TAMS 0x00000000c5800000, 0x00000000c5800000| Untracked 
|  89|0x00000000c5900000, 0x00000000c5900000, 0x00000000c5a00000|  0%| F|  |TAMS 0x00000000c5900000, 0x00000000c5900000| Untracked 
|  90|0x00000000c5a00000, 0x00000000c5a00000, 0x00000000c5b00000|  0%| F|  |TAMS 0x00000000c5a00000, 0x00000000c5a00000| Untracked 
|  91|0x00000000c5b00000, 0x00000000c5b00000, 0x00000000c5c00000|  0%| F|  |TAMS 0x00000000c5b00000, 0x00000000c5b00000| Untracked 
|  92|0x00000000c5c00000, 0x00000000c5c00000, 0x00000000c5d00000|  0%| F|  |TAMS 0x00000000c5c00000, 0x00000000c5c00000| Untracked 
|  93|0x00000000c5d00000, 0x00000000c5d00000, 0x00000000c5e00000|  0%| F|  |TAMS 0x00000000c5d00000, 0x00000000c5d00000| Untracked 
|  94|0x00000000c5e00000, 0x00000000c5e00000, 0x00000000c5f00000|  0%| F|  |TAMS 0x00000000c5e00000, 0x00000000c5e00000| Untracked 
|  95|0x00000000c5f00000, 0x00000000c5f00000, 0x00000000c6000000|  0%| F|  |TAMS 0x00000000c5f00000, 0x00000000c5f00000| Untracked 
|  96|0x00000000c6000000, 0x00000000c6000000, 0x00000000c6100000|  0%| F|  |TAMS 0x00000000c6000000, 0x00000000c6000000| Untracked 
|  97|0x00000000c6100000, 0x00000000c6100000, 0x00000000c6200000|  0%| F|  |TAMS 0x00000000c6100000, 0x00000000c6100000| Untracked 
|  98|0x00000000c6200000, 0x00000000c6200000, 0x00000000c6300000|  0%| F|  |TAMS 0x00000000c6200000, 0x00000000c6200000| Untracked 
|  99|0x00000000c6300000, 0x00000000c6300000, 0x00000000c6400000|  0%| F|  |TAMS 0x00000000c6300000, 0x00000000c6300000| Untracked 
| 100|0x00000000c6400000, 0x00000000c6400000, 0x00000000c6500000|  0%| F|  |TAMS 0x00000000c6400000, 0x00000000c6400000| Untracked 
| 101|0x00000000c6500000, 0x00000000c6500000, 0x00000000c6600000|  0%| F|  |TAMS 0x00000000c6500000, 0x00000000c6500000| Untracked 
| 102|0x00000000c6600000, 0x00000000c6600000, 0x00000000c6700000|  0%| F|  |TAMS 0x00000000c6600000, 0x00000000c6600000| Untracked 
| 103|0x00000000c6700000, 0x00000000c6700000, 0x00000000c6800000|  0%| F|  |TAMS 0x00000000c6700000, 0x00000000c6700000| Untracked 
| 104|0x00000000c6800000, 0x00000000c6800000, 0x00000000c6900000|  0%| F|  |TAMS 0x00000000c6800000, 0x00000000c6800000| Untracked 
| 105|0x00000000c6900000, 0x00000000c6900000, 0x00000000c6a00000|  0%| F|  |TAMS 0x00000000c6900000, 0x00000000c6900000| Untracked 
| 106|0x00000000c6a00000, 0x00000000c6a00000, 0x00000000c6b00000|  0%| F|  |TAMS 0x00000000c6a00000, 0x00000000c6a00000| Untracked 
| 107|0x00000000c6b00000, 0x00000000c6b00000, 0x00000000c6c00000|  0%| F|  |TAMS 0x00000000c6b00000, 0x00000000c6b00000| Untracked 
| 108|0x00000000c6c00000, 0x00000000c6c00000, 0x00000000c6d00000|  0%| F|  |TAMS 0x00000000c6c00000, 0x00000000c6c00000| Untracked 
| 109|0x00000000c6d00000, 0x00000000c6d00000, 0x00000000c6e00000|  0%| F|  |TAMS 0x00000000c6d00000, 0x00000000c6d00000| Untracked 
| 110|0x00000000c6e00000, 0x00000000c6e00000, 0x00000000c6f00000|  0%| F|  |TAMS 0x00000000c6e00000, 0x00000000c6e00000| Untracked 
| 111|0x00000000c6f00000, 0x00000000c6f00000, 0x00000000c7000000|  0%| F|  |TAMS 0x00000000c6f00000, 0x00000000c6f00000| Untracked 
| 112|0x00000000c7000000, 0x00000000c7000000, 0x00000000c7100000|  0%| F|  |TAMS 0x00000000c7000000, 0x00000000c7000000| Untracked 
| 113|0x00000000c7100000, 0x00000000c7100000, 0x00000000c7200000|  0%| F|  |TAMS 0x00000000c7100000, 0x00000000c7100000| Untracked 
| 114|0x00000000c7200000, 0x00000000c7200000, 0x00000000c7300000|  0%| F|  |TAMS 0x00000000c7200000, 0x00000000c7200000| Untracked 
| 115|0x00000000c7300000, 0x00000000c7300000, 0x00000000c7400000|  0%| F|  |TAMS 0x00000000c7300000, 0x00000000c7300000| Untracked 
| 116|0x00000000c7400000, 0x00000000c7400000, 0x00000000c7500000|  0%| F|  |TAMS 0x00000000c7400000, 0x00000000c7400000| Untracked 
| 117|0x00000000c7500000, 0x00000000c7500000, 0x00000000c7600000|  0%| F|  |TAMS 0x00000000c7500000, 0x00000000c7500000| Untracked 
| 118|0x00000000c7600000, 0x00000000c7600000, 0x00000000c7700000|  0%| F|  |TAMS 0x00000000c7600000, 0x00000000c7600000| Untracked 
| 119|0x00000000c7700000, 0x00000000c7700000, 0x00000000c7800000|  0%| F|  |TAMS 0x00000000c7700000, 0x00000000c7700000| Untracked 
| 120|0x00000000c7800000, 0x00000000c7800000, 0x00000000c7900000|  0%| F|  |TAMS 0x00000000c7800000, 0x00000000c7800000| Untracked 
| 121|0x00000000c7900000, 0x00000000c7900000, 0x00000000c7a00000|  0%| F|  |TAMS 0x00000000c7900000, 0x00000000c7900000| Untracked 
| 122|0x00000000c7a00000, 0x00000000c7a00000, 0x00000000c7b00000|  0%| F|  |TAMS 0x00000000c7a00000, 0x00000000c7a00000| Untracked 
| 123|0x00000000c7b00000, 0x00000000c7b00000, 0x00000000c7c00000|  0%| F|  |TAMS 0x00000000c7b00000, 0x00000000c7b00000| Untracked 
| 124|0x00000000c7c00000, 0x00000000c7c00000, 0x00000000c7d00000|  0%| F|  |TAMS 0x00000000c7c00000, 0x00000000c7c00000| Untracked 
| 125|0x00000000c7d00000, 0x00000000c7d00000, 0x00000000c7e00000|  0%| F|  |TAMS 0x00000000c7d00000, 0x00000000c7d00000| Untracked 
| 126|0x00000000c7e00000, 0x00000000c7e00000, 0x00000000c7f00000|  0%| F|  |TAMS 0x00000000c7e00000, 0x00000000c7e00000| Untracked 
| 127|0x00000000c7f00000, 0x00000000c7f00000, 0x00000000c8000000|  0%| F|  |TAMS 0x00000000c7f00000, 0x00000000c7f00000| Untracked 
| 128|0x00000000c8000000, 0x00000000c8000000, 0x00000000c8100000|  0%| F|  |TAMS 0x00000000c8000000, 0x00000000c8000000| Untracked 
| 129|0x00000000c8100000, 0x00000000c8100000, 0x00000000c8200000|  0%| F|  |TAMS 0x00000000c8100000, 0x00000000c8100000| Untracked 
| 130|0x00000000c8200000, 0x00000000c8200000, 0x00000000c8300000|  0%| F|  |TAMS 0x00000000c8200000, 0x00000000c8200000| Untracked 
| 131|0x00000000c8300000, 0x00000000c8300000, 0x00000000c8400000|  0%| F|  |TAMS 0x00000000c8300000, 0x00000000c8300000| Untracked 
| 132|0x00000000c8400000, 0x00000000c8400000, 0x00000000c8500000|  0%| F|  |TAMS 0x00000000c8400000, 0x00000000c8400000| Untracked 
| 133|0x00000000c8500000, 0x00000000c8500000, 0x00000000c8600000|  0%| F|  |TAMS 0x00000000c8500000, 0x00000000c8500000| Untracked 
| 134|0x00000000c8600000, 0x00000000c8600000, 0x00000000c8700000|  0%| F|  |TAMS 0x00000000c8600000, 0x00000000c8600000| Untracked 
| 135|0x00000000c8700000, 0x00000000c8700000, 0x00000000c8800000|  0%| F|  |TAMS 0x00000000c8700000, 0x00000000c8700000| Untracked 
| 136|0x00000000c8800000, 0x00000000c8800000, 0x00000000c8900000|  0%| F|  |TAMS 0x00000000c8800000, 0x00000000c8800000| Untracked 
| 137|0x00000000c8900000, 0x00000000c8900000, 0x00000000c8a00000|  0%| F|  |TAMS 0x00000000c8900000, 0x00000000c8900000| Untracked 
| 138|0x00000000c8a00000, 0x00000000c8a00000, 0x00000000c8b00000|  0%| F|  |TAMS 0x00000000c8a00000, 0x00000000c8a00000| Untracked 
| 139|0x00000000c8b00000, 0x00000000c8b00000, 0x00000000c8c00000|  0%| F|  |TAMS 0x00000000c8b00000, 0x00000000c8b00000| Untracked 
| 140|0x00000000c8c00000, 0x00000000c8c00000, 0x00000000c8d00000|  0%| F|  |TAMS 0x00000000c8c00000, 0x00000000c8c00000| Untracked 
| 141|0x00000000c8d00000, 0x00000000c8d00000, 0x00000000c8e00000|  0%| F|  |TAMS 0x00000000c8d00000, 0x00000000c8d00000| Untracked 
| 142|0x00000000c8e00000, 0x00000000c8e00000, 0x00000000c8f00000|  0%| F|  |TAMS 0x00000000c8e00000, 0x00000000c8e00000| Untracked 
| 143|0x00000000c8f00000, 0x00000000c8f00000, 0x00000000c9000000|  0%| F|  |TAMS 0x00000000c8f00000, 0x00000000c8f00000| Untracked 
| 144|0x00000000c9000000, 0x00000000c9000000, 0x00000000c9100000|  0%| F|  |TAMS 0x00000000c9000000, 0x00000000c9000000| Untracked 
| 145|0x00000000c9100000, 0x00000000c9100000, 0x00000000c9200000|  0%| F|  |TAMS 0x00000000c9100000, 0x00000000c9100000| Untracked 
| 146|0x00000000c9200000, 0x00000000c9300000, 0x00000000c9300000|100%| S|CS|TAMS 0x00000000c9200000, 0x00000000c9200000| Complete 
| 147|0x00000000c9300000, 0x00000000c9400000, 0x00000000c9400000|100%| S|CS|TAMS 0x00000000c9300000, 0x00000000c9300000| Complete 
| 148|0x00000000c9400000, 0x00000000c9400000, 0x00000000c9500000|  0%| F|  |TAMS 0x00000000c9400000, 0x00000000c9400000| Untracked 
| 149|0x00000000c9500000, 0x00000000c9500000, 0x00000000c9600000|  0%| F|  |TAMS 0x00000000c9500000, 0x00000000c9500000| Untracked 
| 150|0x00000000c9600000, 0x00000000c9600000, 0x00000000c9700000|  0%| F|  |TAMS 0x00000000c9600000, 0x00000000c9600000| Untracked 
| 151|0x00000000c9700000, 0x00000000c9700000, 0x00000000c9800000|  0%| F|  |TAMS 0x00000000c9700000, 0x00000000c9700000| Untracked 
| 152|0x00000000c9800000, 0x00000000c9800000, 0x00000000c9900000|  0%| F|  |TAMS 0x00000000c9800000, 0x00000000c9800000| Untracked 
| 153|0x00000000c9900000, 0x00000000c9900000, 0x00000000c9a00000|  0%| F|  |TAMS 0x00000000c9900000, 0x00000000c9900000| Untracked 
| 154|0x00000000c9a00000, 0x00000000c9a00000, 0x00000000c9b00000|  0%| F|  |TAMS 0x00000000c9a00000, 0x00000000c9a00000| Untracked 
| 155|0x00000000c9b00000, 0x00000000c9b00000, 0x00000000c9c00000|  0%| F|  |TAMS 0x00000000c9b00000, 0x00000000c9b00000| Untracked 
| 156|0x00000000c9c00000, 0x00000000c9c00000, 0x00000000c9d00000|  0%| F|  |TAMS 0x00000000c9c00000, 0x00000000c9c00000| Untracked 
| 157|0x00000000c9d00000, 0x00000000c9d00000, 0x00000000c9e00000|  0%| F|  |TAMS 0x00000000c9d00000, 0x00000000c9d00000| Untracked 
| 158|0x00000000c9e00000, 0x00000000c9e00000, 0x00000000c9f00000|  0%| F|  |TAMS 0x00000000c9e00000, 0x00000000c9e00000| Untracked 
| 159|0x00000000c9f00000, 0x00000000c9f00000, 0x00000000ca000000|  0%| F|  |TAMS 0x00000000c9f00000, 0x00000000c9f00000| Untracked 
| 160|0x00000000ca000000, 0x00000000ca000000, 0x00000000ca100000|  0%| F|  |TAMS 0x00000000ca000000, 0x00000000ca000000| Untracked 
| 161|0x00000000ca100000, 0x00000000ca100000, 0x00000000ca200000|  0%| F|  |TAMS 0x00000000ca100000, 0x00000000ca100000| Untracked 
| 162|0x00000000ca200000, 0x00000000ca200000, 0x00000000ca300000|  0%| F|  |TAMS 0x00000000ca200000, 0x00000000ca200000| Untracked 
| 163|0x00000000ca300000, 0x00000000ca300000, 0x00000000ca400000|  0%| F|  |TAMS 0x00000000ca300000, 0x00000000ca300000| Untracked 
| 164|0x00000000ca400000, 0x00000000ca400000, 0x00000000ca500000|  0%| F|  |TAMS 0x00000000ca400000, 0x00000000ca400000| Untracked 
| 165|0x00000000ca500000, 0x00000000ca500000, 0x00000000ca600000|  0%| F|  |TAMS 0x00000000ca500000, 0x00000000ca500000| Untracked 

Card table byte_map: [0x0000023cfa7a0000,0x0000023cfa9a0000] _byte_map_base: 0x0000023cfa1a0000

Marking Bits (Prev, Next): (CMBitMap*) 0x0000023cf2afddd0, (CMBitMap*) 0x0000023cf2afde10
 Prev Bits: [0x0000023cfaba0000, 0x0000023cfbba0000)
 Next Bits: [0x0000023cfbba0000, 0x0000023cfcba0000)

Polling page: 0x0000023cf0950000

Metaspace:

Usage:
  Non-class:     76.19 MB used.
      Class:     11.99 MB used.
       Both:     88.18 MB used.

Virtual space:
  Non-class space:       80.00 MB reserved,      76.50 MB ( 96%) committed,  10 nodes.
      Class space:        1.00 GB reserved,      12.25 MB (  1%) committed,  1 nodes.
             Both:        1.08 GB reserved,      88.75 MB (  8%) committed. 

Chunk freelists:
   Non-Class:  3.45 MB
       Class:  3.56 MB
        Both:  7.02 MB

MaxMetaspaceSize: unlimited
CompressedClassSpaceSize: 1.00 GB
Initial GC threshold: 21.00 MB
Current GC threshold: 110.88 MB
CDS: on
MetaspaceReclaimPolicy: balanced
 - commit_granule_bytes: 65536.
 - commit_granule_words: 8192.
 - virtual_space_node_default_size: 1048576.
 - enlarge_chunks_in_place: 1.
 - new_chunks_are_fully_committed: 0.
 - uncommit_free_chunks: 1.
 - use_allocation_guard: 0.
 - handle_deallocations: 1.


Internal statistics:

num_allocs_failed_limit: 9.
num_arena_births: 888.
num_arena_deaths: 0.
num_vsnodes_births: 11.
num_vsnodes_deaths: 0.
num_space_committed: 1420.
num_space_uncommitted: 0.
num_chunks_returned_to_freelist: 9.
num_chunks_taken_from_freelist: 4051.
num_chunk_merges: 9.
num_chunk_splits: 2993.
num_chunks_enlarged: 2406.
num_purges: 0.
num_inconsistent_stats: 0.

CodeHeap 'non-profiled nmethods': size=120000Kb used=4715Kb max_used=4935Kb free=115284Kb
 bounds [0x0000023c87ad0000, 0x0000023c87fb0000, 0x0000023c8f000000]
CodeHeap 'profiled nmethods': size=120000Kb used=15043Kb max_used=15043Kb free=104956Kb
 bounds [0x0000023c805a0000, 0x0000023c81460000, 0x0000023c87ad0000]
CodeHeap 'non-nmethods': size=5760Kb used=1403Kb max_used=1457Kb free=4356Kb
 bounds [0x0000023c80000000, 0x0000023c80270000, 0x0000023c805a0000]
 total_blobs=8663 nmethods=7916 adapters=659
 compilation: enabled
              stopped_count=0, restarted_count=0
 full_count=0

Compilation events (20 events):
Event: 792.489 Thread 0x0000023cff038f80 9535       3       org.apache.tomcat.util.http.MimeHeaders::addValue (18 bytes)
Event: 792.490 Thread 0x0000023cff038f80 nmethod 9535 0x0000023c8144d890 code [0x0000023c8144da40, 0x0000023c8144dd08]
Event: 792.493 Thread 0x0000023cff038f80 9536       3       org.springframework.security.web.util.matcher.RequestMatcher$MatchResult::<init> (15 bytes)
Event: 792.493 Thread 0x0000023cff038f80 nmethod 9536 0x0000023c8144de90 code [0x0000023c8144e020, 0x0000023c8144e1d8]
Event: 792.493 Thread 0x0000023cff038f80 9537       3       java.lang.StringConcatHelper::mix (27 bytes)
Event: 792.494 Thread 0x0000023cff038f80 nmethod 9537 0x0000023c8144e290 code [0x0000023c8144e460, 0x0000023c8144e888]
Event: 792.494 Thread 0x0000023cff038f80 9538       3       org.springframework.security.web.servlet.util.matcher.MvcRequestMatcher::matcher (61 bytes)
Event: 792.495 Thread 0x0000023cff038f80 nmethod 9538 0x0000023c8144ea90 code [0x0000023c8144ed20, 0x0000023c8144f868]
Event: 792.510 Thread 0x0000023cff038f80 9539       3       org.springframework.web.context.request.ServletRequestAttributes::<init> (11 bytes)
Event: 792.515 Thread 0x0000023cff038f80 nmethod 9539 0x0000023c8144fc90 code [0x0000023c8144fee0, 0x0000023c814506c8]
Event: 792.515 Thread 0x0000023cff038f80 9540       3       org.springframework.web.context.request.async.WebAsyncUtils::getAsyncManager (50 bytes)
Event: 792.519 Thread 0x0000023cff038f80 nmethod 9540 0x0000023c81450990 code [0x0000023c81450b60, 0x0000023c81451128]
Event: 792.519 Thread 0x0000023cff038f80 9543       1       org.apache.coyote.Request::getStartTimeNanos (5 bytes)
Event: 792.519 Thread 0x0000023cff038f80 nmethod 9543 0x0000023c87c64310 code [0x0000023c87c644a0, 0x0000023c87c64578]
Event: 792.519 Thread 0x0000023cff038f80 9541       1       org.apache.coyote.Request::hasExpectation (5 bytes)
Event: 792.520 Thread 0x0000023cff038f80 nmethod 9541 0x0000023c87c64010 code [0x0000023c87c641a0, 0x0000023c87c64278]
Event: 792.520 Thread 0x0000023cff038f80 9542       1       org.springframework.context.event.SimpleApplicationEventMulticaster::getErrorHandler (5 bytes)
Event: 792.520 Thread 0x0000023cff038f80 nmethod 9542 0x0000023c87c63d10 code [0x0000023c87c63ea0, 0x0000023c87c63f78]
Event: 792.732 Thread 0x0000023cff025b60 9544       4       sun.reflect.generics.visitor.Reifier::visitClassTypeSignature (381 bytes)
Event: 792.843 Thread 0x0000023cff025b60 nmethod 9544 0x0000023c87dd0510 code [0x0000023c87dd0840, 0x0000023c87dd3250]

GC Heap History (20 events):
Event: 33.713 GC heap after
{Heap after GC invocations=25 (full 0):
 garbage-first heap   total 66560K, used 33245K [0x00000000c0000000, 0x0000000100000000)
  region size 1024K, 4 young (4096K), 4 survivors (4096K)
 Metaspace       used 67302K, committed 67904K, reserved 1114112K
  class space    used 9486K, committed 9792K, reserved 1048576K
}
Event: 33.748 GC heap before
{Heap before GC invocations=25 (full 0):
 garbage-first heap   total 66560K, used 36317K [0x00000000c0000000, 0x0000000100000000)
  region size 1024K, 8 young (8192K), 4 survivors (4096K)
 Metaspace       used 67324K, committed 67904K, reserved 1114112K
  class space    used 9486K, committed 9792K, reserved 1048576K
}
Event: 33.756 GC heap after
{Heap after GC invocations=26 (full 0):
 garbage-first heap   total 66560K, used 34431K [0x00000000c0000000, 0x0000000100000000)
  region size 1024K, 2 young (2048K), 2 survivors (2048K)
 Metaspace       used 67324K, committed 67904K, reserved 1114112K
  class space    used 9486K, committed 9792K, reserved 1048576K
}
Event: 33.963 GC heap before
{Heap before GC invocations=27 (full 0):
 garbage-first heap   total 75776K, used 51839K [0x00000000c0000000, 0x0000000100000000)
  region size 1024K, 19 young (19456K), 2 survivors (2048K)
 Metaspace       used 67370K, committed 67968K, reserved 1114112K
  class space    used 9486K, committed 9792K, reserved 1048576K
}
Event: 33.987 GC heap after
{Heap after GC invocations=28 (full 0):
 garbage-first heap   total 75776K, used 38141K [0x00000000c0000000, 0x0000000100000000)
  region size 1024K, 3 young (3072K), 3 survivors (3072K)
 Metaspace       used 67370K, committed 67968K, reserved 1114112K
  class space    used 9486K, committed 9792K, reserved 1048576K
}
Event: 34.183 GC heap before
{Heap before GC invocations=28 (full 0):
 garbage-first heap   total 75776K, used 57597K [0x00000000c0000000, 0x0000000100000000)
  region size 1024K, 22 young (22528K), 3 survivors (3072K)
 Metaspace       used 67426K, committed 68032K, reserved 1114112K
  class space    used 9488K, committed 9792K, reserved 1048576K
}
Event: 34.222 GC heap after
{Heap after GC invocations=29 (full 0):
 garbage-first heap   total 169984K, used 44677K [0x00000000c0000000, 0x0000000100000000)
  region size 1024K, 3 young (3072K), 3 survivors (3072K)
 Metaspace       used 67426K, committed 68032K, reserved 1114112K
  class space    used 9488K, committed 9792K, reserved 1048576K
}
Event: 134.086 GC heap before
{Heap before GC invocations=30 (full 0):
 garbage-first heap   total 160768K, used 116357K [0x00000000c0000000, 0x0000000100000000)
  region size 1024K, 74 young (75776K), 3 survivors (3072K)
 Metaspace       used 77932K, committed 78528K, reserved 1122304K
  class space    used 10888K, committed 11200K, reserved 1048576K
}
Event: 134.610 GC heap after
{Heap after GC invocations=31 (full 0):
 garbage-first heap   total 160768K, used 50498K [0x00000000c0000000, 0x0000000100000000)
  region size 1024K, 9 young (9216K), 9 survivors (9216K)
 Metaspace       used 77932K, committed 78528K, reserved 1122304K
  class space    used 10888K, committed 11200K, reserved 1048576K
}
Event: 134.653 GC heap before
{Heap before GC invocations=31 (full 0):
 garbage-first heap   total 160768K, used 51522K [0x00000000c0000000, 0x0000000100000000)
  region size 1024K, 10 young (10240K), 9 survivors (9216K)
 Metaspace       used 78096K, committed 78656K, reserved 1122304K
  class space    used 10910K, committed 11200K, reserved 1048576K
}
Event: 134.738 GC heap after
{Heap after GC invocations=32 (full 0):
 garbage-first heap   total 160768K, used 51551K [0x00000000c0000000, 0x0000000100000000)
  region size 1024K, 2 young (2048K), 2 survivors (2048K)
 Metaspace       used 78096K, committed 78656K, reserved 1122304K
  class space    used 10910K, committed 11200K, reserved 1048576K
}
Event: 776.894 GC heap before
{Heap before GC invocations=32 (full 0):
 garbage-first heap   total 160768K, used 94559K [0x00000000c0000000, 0x0000000100000000)
  region size 1024K, 45 young (46080K), 2 survivors (2048K)
 Metaspace       used 88842K, committed 89472K, reserved 1130496K
  class space    used 12154K, committed 12480K, reserved 1048576K
}
Event: 778.232 GC heap after
{Heap after GC invocations=33 (full 0):
 garbage-first heap   total 160768K, used 57770K [0x00000000c0000000, 0x0000000100000000)
  region size 1024K, 6 young (6144K), 6 survivors (6144K)
 Metaspace       used 88842K, committed 89472K, reserved 1130496K
  class space    used 12154K, committed 12480K, reserved 1048576K
}
Event: 778.360 GC heap before
{Heap before GC invocations=33 (full 0):
 garbage-first heap   total 160768K, used 59818K [0x00000000c0000000, 0x0000000100000000)
  region size 1024K, 7 young (7168K), 6 survivors (6144K)
 Metaspace       used 88910K, committed 89536K, reserved 1130496K
  class space    used 12156K, committed 12480K, reserved 1048576K
}
Event: 778.501 GC heap after
{Heap after GC invocations=34 (full 0):
 garbage-first heap   total 160768K, used 59823K [0x00000000c0000000, 0x0000000100000000)
  region size 1024K, 1 young (1024K), 1 survivors (1024K)
 Metaspace       used 88910K, committed 89536K, reserved 1130496K
  class space    used 12156K, committed 12480K, reserved 1048576K
}
Event: 779.918 GC heap before
{Heap before GC invocations=34 (full 0):
 garbage-first heap   total 160768K, used 70063K [0x00000000c0000000, 0x0000000100000000)
  region size 1024K, 7 young (7168K), 1 survivors (1024K)
 Metaspace       used 89398K, committed 89984K, reserved 1130496K
  class space    used 12181K, committed 12480K, reserved 1048576K
}
Event: 780.025 GC heap after
{Heap after GC invocations=35 (full 0):
 garbage-first heap   total 160768K, used 64739K [0x00000000c0000000, 0x0000000100000000)
  region size 1024K, 1 young (1024K), 1 survivors (1024K)
 Metaspace       used 89398K, committed 89984K, reserved 1130496K
  class space    used 12181K, committed 12480K, reserved 1048576K
}
Event: 781.172 GC heap before
{Heap before GC invocations=35 (full 0):
 garbage-first heap   total 160768K, used 76003K [0x00000000c0000000, 0x0000000100000000)
  region size 1024K, 7 young (7168K), 1 survivors (1024K)
 Metaspace       used 89500K, committed 90176K, reserved 1130496K
  class space    used 12186K, committed 12480K, reserved 1048576K
}
Event: 781.258 GC heap after
{Heap after GC invocations=36 (full 0):
 garbage-first heap   total 160768K, used 70353K [0x00000000c0000000, 0x0000000100000000)
  region size 1024K, 1 young (1024K), 1 survivors (1024K)
 Metaspace       used 89500K, committed 90176K, reserved 1130496K
  class space    used 12186K, committed 12480K, reserved 1048576K
}
Event: 793.582 GC heap before
{Heap before GC invocations=36 (full 0):
 garbage-first heap   total 160768K, used 78545K [0x00000000c0000000, 0x0000000100000000)
  region size 1024K, 9 young (9216K), 1 survivors (1024K)
 Metaspace       used 90300K, committed 90880K, reserved 1130496K
  class space    used 12282K, committed 12544K, reserved 1048576K
}

Dll operation events (13 events):
Event: 0.061 Loaded shared library C:\Users\admin\.jdks\corretto-17.0.5\bin\java.dll
Event: 0.241 Loaded shared library C:\Users\admin\.jdks\corretto-17.0.5\bin\jsvml.dll
Event: 0.623 Loaded shared library C:\Users\admin\.jdks\corretto-17.0.5\bin\zip.dll
Event: 0.648 Loaded shared library C:\Users\admin\.jdks\corretto-17.0.5\bin\instrument.dll
Event: 0.691 Loaded shared library C:\Users\admin\.jdks\corretto-17.0.5\bin\net.dll
Event: 0.699 Loaded shared library C:\Users\admin\.jdks\corretto-17.0.5\bin\nio.dll
Event: 0.716 Loaded shared library C:\Users\admin\.jdks\corretto-17.0.5\bin\zip.dll
Event: 10.643 Loaded shared library C:\Program Files\JetBrains\IntelliJ IDEA Community Edition 2024.1.1\bin\breakgen64.dll
Event: 10.851 Loaded shared library C:\Users\admin\.jdks\corretto-17.0.5\bin\jimage.dll
Event: 13.566 Loaded shared library C:\Users\admin\.jdks\corretto-17.0.5\bin\sunmscapi.dll
Event: 17.528 Loaded shared library C:\Users\admin\.jdks\corretto-17.0.5\bin\management.dll
Event: 17.533 Loaded shared library C:\Users\admin\.jdks\corretto-17.0.5\bin\management_ext.dll
Event: 18.519 Loaded shared library C:\Users\admin\.jdks\corretto-17.0.5\bin\verify.dll

Deoptimization events (20 events):
Event: 780.519 Thread 0x0000023c91539a60 DEOPT PACKING pc=0x0000023c87d55160 sp=0x000000e092ef9f20
Event: 780.519 Thread 0x0000023c91539a60 DEOPT UNPACKING pc=0x0000023c8005239d sp=0x000000e092ef9eb8 mode 2
Event: 780.519 Thread 0x0000023c91539a60 Uncommon trap: trap_request=0xffffffde fr.pc=0x0000023c87d55160 relative=0x0000000000000f00
Event: 780.519 Thread 0x0000023c91539a60 Uncommon trap: reason=class_check action=maybe_recompile pc=0x0000023c87d55160 method=org.jsoup.parser.HtmlTreeBuilder.inSpecificScope([Ljava/lang/String;[Ljava/lang/String;[Ljava/lang/String;)Z @ 49 c2
Event: 780.519 Thread 0x0000023c91539a60 DEOPT PACKING pc=0x0000023c87d55160 sp=0x000000e092ef9f20
Event: 780.519 Thread 0x0000023c91539a60 DEOPT UNPACKING pc=0x0000023c8005239d sp=0x000000e092ef9eb8 mode 2
Event: 780.519 Thread 0x0000023c91539a60 Uncommon trap: trap_request=0xffffffde fr.pc=0x0000023c87d55160 relative=0x0000000000000f00
Event: 780.519 Thread 0x0000023c91539a60 Uncommon trap: reason=class_check action=maybe_recompile pc=0x0000023c87d55160 method=org.jsoup.parser.HtmlTreeBuilder.inSpecificScope([Ljava/lang/String;[Ljava/lang/String;[Ljava/lang/String;)Z @ 49 c2
Event: 780.519 Thread 0x0000023c91539a60 DEOPT PACKING pc=0x0000023c87d55160 sp=0x000000e092ef9f20
Event: 780.519 Thread 0x0000023c91539a60 DEOPT UNPACKING pc=0x0000023c8005239d sp=0x000000e092ef9eb8 mode 2
Event: 780.519 Thread 0x0000023c91539a60 Uncommon trap: trap_request=0xffffffde fr.pc=0x0000023c87d55160 relative=0x0000000000000f00
Event: 780.519 Thread 0x0000023c91539a60 Uncommon trap: reason=class_check action=maybe_recompile pc=0x0000023c87d55160 method=org.jsoup.parser.HtmlTreeBuilder.inSpecificScope([Ljava/lang/String;[Ljava/lang/String;[Ljava/lang/String;)Z @ 49 c2
Event: 780.519 Thread 0x0000023c91539a60 DEOPT PACKING pc=0x0000023c87d55160 sp=0x000000e092ef9f20
Event: 780.519 Thread 0x0000023c91539a60 DEOPT UNPACKING pc=0x0000023c8005239d sp=0x000000e092ef9eb8 mode 2
Event: 781.325 Thread 0x0000023c91539a60 Uncommon trap: trap_request=0xffffff45 fr.pc=0x0000023c87c56f0c relative=0x0000000000001eec
Event: 781.325 Thread 0x0000023c91539a60 Uncommon trap: reason=unstable_if action=reinterpret pc=0x0000023c87c56f0c method=org.jsoup.nodes.Element.hasClass(Ljava/lang/String;)Z @ 148 c2
Event: 781.325 Thread 0x0000023c91539a60 DEOPT PACKING pc=0x0000023c87c56f0c sp=0x000000e092efa030
Event: 781.325 Thread 0x0000023c91539a60 DEOPT UNPACKING pc=0x0000023c8005239d sp=0x000000e092ef9fe8 mode 2
Event: 781.366 Thread 0x0000023c91539a60 DEOPT PACKING pc=0x0000023c8136ad6f sp=0x000000e092efa2b0
Event: 781.366 Thread 0x0000023c91539a60 DEOPT UNPACKING pc=0x0000023c80052b24 sp=0x000000e092ef9798 mode 0

Classes unloaded (0 events):
No events

Classes redefined (0 events):
No events

Internal exceptions (20 events):
Event: 36.873 Thread 0x0000023cf2ac1f10 Exception <a 'java/lang/NoSuchMethodError'{0x00000000c831be18}: 'java.lang.Object java.lang.invoke.DirectMethodHandle$Holder.invokeStaticInit(java.lang.Object, long)'> (0x00000000c831be18) 
thrown [s\src\hotspot\share\interpreter\linkResolver.cpp, line 759]
Event: 37.791 Thread 0x0000023cf2ac1f10 Exception <a 'java/lang/IncompatibleClassChangeError'{0x00000000c7ada678}: Found class java.lang.Object, but interface was expected> (0x00000000c7ada678) 
thrown [s\src\hotspot\share\interpreter\linkResolver.cpp, line 826]
Event: 37.868 Thread 0x0000023cf2ac1f10 Exception <a 'sun/nio/fs/WindowsException'{0x00000000c780efb8}> (0x00000000c780efb8) 
thrown [s\src\hotspot\share\prims\jni.cpp, line 516]
Event: 38.223 Thread 0x0000023cf2ac1f10 Implicit null exception at 0x0000023c87c1e6da to 0x0000023c87c1e910
Event: 39.199 Thread 0x0000023cf2ac1f10 Exception <a 'java/lang/NoSuchMethodError'{0x00000000c663a9c8}: 'void java.lang.invoke.DirectMethodHandle$Holder.invokeVirtual(java.lang.Object, java.lang.Object, long)'> (0x00000000c663a9c8) 
thrown [s\src\hotspot\share\interpreter\linkResolver.cpp, line 759]
Event: 39.219 Thread 0x0000023cf2ac1f10 Exception <a 'java/lang/NoSuchMethodError'{0x00000000c66efc68}: 'java.lang.Object java.lang.invoke.DirectMethodHandle$Holder.newInvokeSpecial(java.lang.Object, java.lang.Object, int, java.lang.Object, java.lang.Object)'> (0x00000000c66efc68) 
thrown [s\src\hotspot\share\interpreter\linkResolver.cpp, line 759]
Event: 39.220 Thread 0x0000023cf2ac1f10 Exception <a 'java/lang/NoSuchMethodError'{0x00000000c66faf00}: 'java.lang.Object java.lang.invoke.DirectMethodHandle$Holder.invokeSpecial(java.lang.Object, java.lang.Object, int, java.lang.Object, int, java.lang.Object)'> (0x00000000c66faf00) 
thrown [s\src\hotspot\share\interpreter\linkResolver.cpp, line 759]
Event: 39.220 Thread 0x0000023cf2ac1f10 Exception <a 'java/lang/NoSuchMethodError'{0x00000000c6503110}: 'java.lang.Object java.lang.invoke.DirectMethodHandle$Holder.newInvokeSpecial(java.lang.Object, java.lang.Object, int, java.lang.Object, int)'> (0x00000000c6503110) 
thrown [s\src\hotspot\share\interpreter\linkResolver.cpp, line 759]
Event: 39.221 Thread 0x0000023cf2ac1f10 Exception <a 'java/lang/NoSuchMethodError'{0x00000000c6507210}: 'java.lang.Object java.lang.invoke.DirectMethodHandle$Holder.invokeSpecial(java.lang.Object, java.lang.Object, java.lang.Object, int, java.lang.Object, int)'> (0x00000000c6507210) 
thrown [s\src\hotspot\share\interpreter\linkResolver.cpp, line 759]
Event: 128.834 Thread 0x0000023c905843d0 Exception <a 'java/lang/NoSuchMethodError'{0x00000000c617b420}: 'java.lang.Object java.lang.invoke.DirectMethodHandle$Holder.invokeSpecial(java.lang.Object, java.lang.Object, java.lang.Object, java.lang.Object, java.lang.Object, long)'> (0x00000000c617b420) 
thrown [s\src\hotspot\share\interpreter\linkResolver.cpp, line 759]
Event: 128.839 Thread 0x0000023c905843d0 Exception <a 'java/lang/NoSuchMethodError'{0x00000000c617ee60}: 'java.lang.Object java.lang.invoke.Invokers$Holder.linkToTargetMethod(java.lang.Object, java.lang.Object, java.lang.Object, long, java.lang.Object)'> (0x00000000c617ee60) 
thrown [s\src\hotspot\share\interpreter\linkResolver.cpp, line 759]
Event: 133.607 Thread 0x0000023c905843d0 Exception <a 'java/lang/NoSuchMethodError'{0x00000000c5b88338}: 'java.lang.Object java.lang.invoke.DirectMethodHandle$Holder.invokeInterface(java.lang.Object, java.lang.Object, java.lang.Object, java.lang.Object)'> (0x00000000c5b88338) 
thrown [s\src\hotspot\share\interpreter\linkResolver.cpp, line 759]
Event: 134.905 Thread 0x0000023c905843d0 Exception <a 'java/lang/IncompatibleClassChangeError'{0x00000000c9813e50}: Found class java.lang.Object, but interface was expected> (0x00000000c9813e50) 
thrown [s\src\hotspot\share\interpreter\linkResolver.cpp, line 826]
Event: 135.491 Thread 0x0000023c90581d50 Exception <a 'java/lang/NoSuchMethodError'{0x00000000c8f07470}: 'java.lang.Object java.lang.invoke.DirectMethodHandle$Holder.invokeStatic(java.lang.Object, int, int)'> (0x00000000c8f07470) 
thrown [s\src\hotspot\share\interpreter\linkResolver.cpp, line 759]
Event: 135.491 Thread 0x0000023c90582220 Exception <a 'java/lang/NoSuchMethodError'{0x00000000c90b2df0}: 'java.lang.Object java.lang.invoke.DirectMethodHandle$Holder.invokeStatic(java.lang.Object, int, int)'> (0x00000000c90b2df0) 
thrown [s\src\hotspot\share\interpreter\linkResolver.cpp, line 759]
Event: 533.789 Thread 0x0000023c91539a60 Exception <a 'java/lang/NoSuchMethodError'{0x00000000c88325c8}: 'void java.lang.invoke.DirectMethodHandle$Holder.invokeSpecialIFC(java.lang.Object, java.lang.Object, int, java.lang.Object, java.lang.Object, java.lang.Object, java.lang.Object)'> (0x00000000c88325c8) 
thrown [s\src\hotspot\share\interpreter\linkResolver.cpp, line 759]
Event: 534.742 Thread 0x0000023c91539a60 Exception <a 'java/lang/reflect/InvocationTargetException'{0x00000000c8745e28}> (0x00000000c8745e28) 
thrown [s\src\hotspot\share\runtime\reflection.cpp, line 1121]
Event: 763.958 Thread 0x0000023c91539a60 Exception <a 'java/lang/NoSuchMethodError'{0x00000000c80ab8b0}: 'int java.lang.invoke.DirectMethodHandle$Holder.invokeStatic(java.lang.Object, java.lang.Object, int, int)'> (0x00000000c80ab8b0) 
thrown [s\src\hotspot\share\interpreter\linkResolver.cpp, line 759]
Event: 786.958 Thread 0x0000023c91539a60 Exception <a 'java/lang/reflect/InvocationTargetException'{0x00000000c98a3630}> (0x00000000c98a3630) 
thrown [s\src\hotspot\share\runtime\reflection.cpp, line 1121]
Event: 786.962 Thread 0x0000023c91539a60 Exception <a 'java/lang/reflect/InvocationTargetException'{0x00000000c98a40f8}> (0x00000000c98a40f8) 
thrown [s\src\hotspot\share\runtime\reflection.cpp, line 1121]

VM Operations (20 events):
Event: 781.258 Executing VM operation: G1CollectForAllocation done
Event: 782.272 Executing VM operation: Cleanup
Event: 782.288 Executing VM operation: Cleanup done
Event: 783.288 Executing VM operation: Cleanup
Event: 783.312 Executing VM operation: Cleanup done
Event: 787.350 Executing VM operation: Cleanup
Event: 787.366 Executing VM operation: Cleanup done
Event: 789.380 Executing VM operation: Cleanup
Event: 789.380 Executing VM operation: Cleanup done
Event: 790.383 Executing VM operation: Cleanup
Event: 790.383 Executing VM operation: Cleanup done
Event: 792.394 Executing VM operation: Cleanup
Event: 792.410 Executing VM operation: Cleanup done
Event: 793.018 Executing VM operation: HandshakeAllThreads
Event: 793.018 Executing VM operation: HandshakeAllThreads done
Event: 793.569 Executing VM operation: HandshakeAllThreads
Event: 793.570 Executing VM operation: HandshakeAllThreads done
Event: 793.570 Executing VM operation: Cleanup
Event: 793.570 Executing VM operation: Cleanup done
Event: 793.582 Executing VM operation: G1CollectForAllocation

Events (20 events):
Event: 780.263 loading class sun/security/ssl/SSLEngineOutputRecord$RecordMemo done
Event: 780.263 loading class sun/security/ssl/SSLEngineOutputRecord$HandshakeMemo done
Event: 780.367 Thread 0x0000023c9153e760 Thread added: 0x0000023c9153e760
Event: 780.383 Thread 0x0000023c9153e760 Thread exited: 0x0000023c9153e760
Event: 787.945 loading class jdk/internal/loader/BootLoader$PackageHelper
Event: 787.947 loading class jdk/internal/loader/BootLoader$PackageHelper done
Event: 788.554 loading class java/util/stream/ReferencePipeline$4
Event: 788.597 loading class java/util/stream/ReferencePipeline$4 done
Event: 788.603 loading class java/util/function/IntBinaryOperator
Event: 788.638 loading class java/util/function/IntBinaryOperator done
Event: 788.662 loading class java/util/stream/ReduceOps$7
Event: 788.672 loading class java/util/stream/ReduceOps$7 done
Event: 788.672 loading class java/util/stream/ReduceOps$6ReducingSink
Event: 788.689 loading class java/util/stream/ReduceOps$6ReducingSink done
Event: 788.690 loading class java/util/stream/ReferencePipeline$4$1
Event: 788.696 loading class java/util/stream/ReferencePipeline$4$1 done
Event: 793.353 loading class java/util/stream/LongStream
Event: 793.356 loading class java/util/stream/LongStream done
Event: 793.356 loading class java/util/stream/DoubleStream
Event: 793.357 loading class java/util/stream/DoubleStream done


Dynamic libraries:
0x00007ff6210f0000 - 0x00007ff6210fd000 	C:\Users\admin\.jdks\corretto-17.0.5\bin\java.exe
0x00007ffd010f0000 - 0x00007ffd012e8000 	C:\WINDOWS\SYSTEM32\ntdll.dll
0x00007ffce5b70000 - 0x00007ffce5bc4000 	C:\Program Files (x86)\AVG\Av\avghooka.dll
0x00007ffd00960000 - 0x00007ffd00a1d000 	C:\WINDOWS\System32\KERNEL32.DLL
0x00007ffcfeb60000 - 0x00007ffcfee56000 	C:\WINDOWS\System32\KERNELBASE.dll
0x00007ffcfac30000 - 0x00007ffcfacc0000 	C:\WINDOWS\SYSTEM32\apphelp.dll
0x00007ffcfe940000 - 0x00007ffcfea40000 	C:\WINDOWS\System32\ucrtbase.dll
0x00007ffcee4f0000 - 0x00007ffcee507000 	C:\Users\admin\.jdks\corretto-17.0.5\bin\jli.dll
0x00007ffce6ae0000 - 0x00007ffce6af5000 	C:\Users\admin\.jdks\corretto-17.0.5\bin\VCRUNTIME140.dll
0x00007ffd00e60000 - 0x00007ffd00ffe000 	C:\WINDOWS\System32\USER32.dll
0x00007ffcfeef0000 - 0x00007ffcfef12000 	C:\WINDOWS\System32\win32u.dll
0x00007ffcf6310000 - 0x00007ffcf65aa000 	C:\WINDOWS\WinSxS\amd64_microsoft.windows.common-controls_6595b64144ccf1df_6.0.19041.3636_none_60b6a03d71f818d5\COMCTL32.dll
0x00007ffd00da0000 - 0x00007ffd00dcb000 	C:\WINDOWS\System32\GDI32.dll
0x00007ffd00060000 - 0x00007ffd000fe000 	C:\WINDOWS\System32\msvcrt.dll
0x00007ffcfea40000 - 0x00007ffcfeb57000 	C:\WINDOWS\System32\gdi32full.dll
0x00007ffcfe7a0000 - 0x00007ffcfe83d000 	C:\WINDOWS\System32\msvcp_win.dll
0x00007ffd00020000 - 0x00007ffd00052000 	C:\WINDOWS\System32\IMM32.DLL
0x00007ffcd90a0000 - 0x00007ffcd913b000 	C:\Users\admin\.jdks\corretto-17.0.5\bin\msvcp140.dll
0x00007ffcc61a0000 - 0x00007ffcc6db4000 	C:\Users\admin\.jdks\corretto-17.0.5\bin\server\jvm.dll
0x00007ffd01000000 - 0x00007ffd010b0000 	C:\WINDOWS\System32\ADVAPI32.dll
0x00007ffcff3a0000 - 0x00007ffcff440000 	C:\WINDOWS\System32\sechost.dll
0x00007ffd00350000 - 0x00007ffd00475000 	C:\WINDOWS\System32\RPCRT4.dll
0x00007ffcff0f0000 - 0x00007ffcff117000 	C:\WINDOWS\System32\bcrypt.dll
0x00007ffcf6950000 - 0x00007ffcf6977000 	C:\WINDOWS\SYSTEM32\WINMM.dll
0x00007ffcf6990000 - 0x00007ffcf699a000 	C:\WINDOWS\SYSTEM32\VERSION.dll
0x00007ffcf8450000 - 0x00007ffcf8459000 	C:\WINDOWS\SYSTEM32\WSOCK32.dll
0x00007ffcff200000 - 0x00007ffcff26b000 	C:\WINDOWS\System32\WS2_32.dll
0x00007ffcfb2a0000 - 0x00007ffcfb2b2000 	C:\WINDOWS\SYSTEM32\kernel.appcore.dll
0x00007ffcfab30000 - 0x00007ffcfab3a000 	C:\Users\admin\.jdks\corretto-17.0.5\bin\jimage.dll
0x00007ffce0d10000 - 0x00007ffce0ef4000 	C:\WINDOWS\SYSTEM32\DBGHELP.DLL
0x00007ffce0cd0000 - 0x00007ffce0d04000 	C:\WINDOWS\SYSTEM32\dbgcore.DLL
0x00007ffcfee60000 - 0x00007ffcfeee2000 	C:\WINDOWS\System32\bcryptPrimitives.dll
0x00007ffce1bc0000 - 0x00007ffce1bce000 	C:\Users\admin\.jdks\corretto-17.0.5\bin\instrument.dll
0x00007ffce39b0000 - 0x00007ffce39d5000 	C:\Users\admin\.jdks\corretto-17.0.5\bin\java.dll
0x00007ffcd0be0000 - 0x00007ffcd0cb6000 	C:\Users\admin\.jdks\corretto-17.0.5\bin\jsvml.dll
0x00007ffcff440000 - 0x00007ffcffbab000 	C:\WINDOWS\System32\SHELL32.dll
0x00007ffcfb4a0000 - 0x00007ffcfbc3e000 	C:\WINDOWS\SYSTEM32\windows.storage.dll
0x00007ffd00480000 - 0x00007ffd007d3000 	C:\WINDOWS\System32\combase.dll
0x00007ffcfcc90000 - 0x00007ffcfccbe000 	C:\WINDOWS\SYSTEM32\Wldp.dll
0x00007ffd007e0000 - 0x00007ffd008ad000 	C:\WINDOWS\System32\OLEAUT32.dll
0x00007ffd008b0000 - 0x00007ffd0095d000 	C:\WINDOWS\System32\SHCORE.dll
0x00007ffd00bd0000 - 0x00007ffd00c25000 	C:\WINDOWS\System32\shlwapi.dll
0x00007ffcfd340000 - 0x00007ffcfd365000 	C:\WINDOWS\SYSTEM32\profapi.dll
0x00007ffce5780000 - 0x00007ffce5798000 	C:\Users\admin\.jdks\corretto-17.0.5\bin\zip.dll
0x00007ffce6300000 - 0x00007ffce6319000 	C:\Users\admin\.jdks\corretto-17.0.5\bin\net.dll
0x00007ffcf74a0000 - 0x00007ffcf75aa000 	C:\WINDOWS\SYSTEM32\WINHTTP.dll
0x00007ffcfca70000 - 0x00007ffcfcada000 	C:\WINDOWS\system32\mswsock.dll
0x00007ffce5b50000 - 0x00007ffce5b65000 	C:\Users\admin\.jdks\corretto-17.0.5\bin\nio.dll
0x00007ffcdf270000 - 0x00007ffcdf28a000 	C:\Program Files\JetBrains\IntelliJ IDEA Community Edition 2024.1.1\bin\breakgen64.dll
0x00007ffce1cd0000 - 0x00007ffce1cde000 	C:\Users\admin\.jdks\corretto-17.0.5\bin\sunmscapi.dll
0x00007ffcfef20000 - 0x00007ffcff07d000 	C:\WINDOWS\System32\CRYPT32.dll
0x00007ffcfcd00000 - 0x00007ffcfcd28000 	C:\WINDOWS\SYSTEM32\ncrypt.dll
0x00007ffcfccc0000 - 0x00007ffcfccfb000 	C:\WINDOWS\SYSTEM32\NTASN1.dll
0x00007ffcfcfe0000 - 0x00007ffcfcff8000 	C:\WINDOWS\SYSTEM32\CRYPTSP.dll
0x00007ffcfc3c0000 - 0x00007ffcfc3f4000 	C:\WINDOWS\system32\rsaenh.dll
0x00007ffcfd2c0000 - 0x00007ffcfd2ee000 	C:\WINDOWS\SYSTEM32\USERENV.dll
0x00007ffcfcc00000 - 0x00007ffcfcc0c000 	C:\WINDOWS\SYSTEM32\CRYPTBASE.dll
0x00007ffcfc780000 - 0x00007ffcfc7bb000 	C:\WINDOWS\SYSTEM32\IPHLPAPI.DLL
0x00007ffd00280000 - 0x00007ffd00288000 	C:\WINDOWS\System32\NSI.dll
0x00007ffcf7fc0000 - 0x00007ffcf7fd7000 	C:\WINDOWS\SYSTEM32\dhcpcsvc6.DLL
0x00007ffcf7c50000 - 0x00007ffcf7c6d000 	C:\WINDOWS\SYSTEM32\dhcpcsvc.DLL
0x00007ffcfc7c0000 - 0x00007ffcfc88b000 	C:\WINDOWS\SYSTEM32\DNSAPI.dll
0x00007ffcf75c0000 - 0x00007ffcf75c9000 	C:\Users\admin\.jdks\corretto-17.0.5\bin\management.dll
0x00007ffce62a0000 - 0x00007ffce62ab000 	C:\Users\admin\.jdks\corretto-17.0.5\bin\management_ext.dll
0x00007ffd00d90000 - 0x00007ffd00d98000 	C:\WINDOWS\System32\PSAPI.DLL
0x00007ffce1ca0000 - 0x00007ffce1cb0000 	C:\Users\admin\.jdks\corretto-17.0.5\bin\verify.dll
0x00007ffcf6940000 - 0x00007ffcf694a000 	C:\Windows\System32\rasadhlp.dll
0x00007ffcf59a0000 - 0x00007ffcf5a20000 	C:\WINDOWS\System32\fwpuclnt.dll
0x00007ffce5de0000 - 0x00007ffce5de7000 	C:\WINDOWS\system32\wshunix.dll

dbghelp: loaded successfully - version: 4.0.5 - missing functions: none
symbol engine: initialized successfully - sym options: 0x614 - pdb path: .;C:\Users\admin\.jdks\corretto-17.0.5\bin;C:\WINDOWS\SYSTEM32;C:\Program Files (x86)\AVG\Av;C:\WINDOWS\WinSxS\amd64_microsoft.windows.common-controls_6595b64144ccf1df_6.0.19041.3636_none_60b6a03d71f818d5;C:\Users\admin\.jdks\corretto-17.0.5\bin\server;C:\Program Files\JetBrains\IntelliJ IDEA Community Edition 2024.1.1\bin

VM Arguments:
jvm_args: -javaagent:C:\Program Files\JetBrains\IntelliJ IDEA Community Edition 2024.1.1\lib\idea_rt.jar=51040:C:\Program Files\JetBrains\IntelliJ IDEA Community Edition 2024.1.1\bin -Dfile.encoding=UTF-8 
java_command: ru.project.BoardGames.BoardGamesApplication
java_class_path (initial): C:\Users\admin\BoardGames_diploma\target\classes;C:\Users\admin\.m2\repository\org\springframework\boot\spring-boot-starter-cache\3.2.3\spring-boot-starter-cache-3.2.3.jar;C:\Users\admin\.m2\repository\org\springframework\boot\spring-boot-starter\3.2.3\spring-boot-starter-3.2.3.jar;C:\Users\admin\.m2\repository\org\springframework\boot\spring-boot\3.2.3\spring-boot-3.2.3.jar;C:\Users\admin\.m2\repository\org\springframework\boot\spring-boot-autoconfigure\3.2.3\spring-boot-autoconfigure-3.2.3.jar;C:\Users\admin\.m2\repository\org\springframework\boot\spring-boot-starter-logging\3.2.3\spring-boot-starter-logging-3.2.3.jar;C:\Users\admin\.m2\repository\ch\qos\logback\logback-classic\1.4.14\logback-classic-1.4.14.jar;C:\Users\admin\.m2\repository\ch\qos\logback\logback-core\1.4.14\logback-core-1.4.14.jar;C:\Users\admin\.m2\repository\org\apache\logging\log4j\log4j-to-slf4j\2.21.1\log4j-to-slf4j-2.21.1.jar;C:\Users\admin\.m2\repository\org\apache\logging\log4j\log4j-api\2.21.1\log4j-api-2.21.1.jar;C:\Users\admin\.m2\repository\org\slf4j\jul-to-slf4j\2.0.12\jul-to-slf4j-2.0.12.jar;C:\Users\admin\.m2\repository\jakarta\annotation\jakarta.annotation-api\2.1.1\jakarta.annotation-api-2.1.1.jar;C:\Users\admin\.m2\repository\org\yaml\snakeyaml\2.2\snakeyaml-2.2.jar;C:\Users\admin\.m2\repository\org\springframework\spring-context-support\6.1.4\spring-context-support-6.1.4.jar;C:\Users\admin\.m2\repository\org\springframework\spring-beans\6.1.4\spring-beans-6.1.4.jar;C:\Users\admin\.m2\repository\org\springframework\spring-context\6.1.4\spring-context-6.1.4.jar;C:\Users\admin\.m2\repository\org\springframework\boot\spring-boot-starter-data-jpa\3.2.3\spring-boot-starter-data-jpa-3.2.3.jar;C:\Users\admin\.m2\repository\org\springframework\boot\spring-boot-starter-aop\3.2.3\spring-boot-starter-aop-3.2.3.jar;C:\Users\admin\.m2\repository\org\aspectj\aspectjweaver\1.9.21\aspectjweaver-1.9.21.jar;C:\Users\admin\.m2\repository\org\springframework\boot\spring
Launcher Type: SUN_STANDARD

[Global flags]
     intx CICompilerCount                          = 3                                         {product} {ergonomic}
     uint ConcGCThreads                            = 1                                         {product} {ergonomic}
     uint G1ConcRefinementThreads                  = 4                                         {product} {ergonomic}
   size_t G1HeapRegionSize                         = 1048576                                   {product} {ergonomic}
    uintx GCDrainStackTargetSize                   = 64                                        {product} {ergonomic}
   size_t InitialHeapSize                          = 67108864                                  {product} {ergonomic}
   size_t MarkStackSize                            = 4194304                                   {product} {ergonomic}
   size_t MaxHeapSize                              = 1073741824                                {product} {ergonomic}
   size_t MaxNewSize                               = 643825664                                 {product} {ergonomic}
   size_t MinHeapDeltaBytes                        = 1048576                                   {product} {ergonomic}
   size_t MinHeapSize                              = 8388608                                   {product} {ergonomic}
    uintx NonNMethodCodeHeapSize                   = 5832780                                {pd product} {ergonomic}
    uintx NonProfiledCodeHeapSize                  = 122912730                              {pd product} {ergonomic}
    uintx ProfiledCodeHeapSize                     = 122912730                              {pd product} {ergonomic}
    uintx ReservedCodeCacheSize                    = 251658240                              {pd product} {ergonomic}
     bool SegmentedCodeCache                       = true                                      {product} {ergonomic}
   size_t SoftMaxHeapSize                          = 1073741824                             {manageable} {ergonomic}
     bool UseCompressedClassPointers               = true                           {product lp64_product} {ergonomic}
     bool UseCompressedOops                        = true                           {product lp64_product} {ergonomic}
     bool UseG1GC                                  = true                                      {product} {ergonomic}
     bool UseLargePagesIndividualAllocation        = false                                  {pd product} {ergonomic}

Logging:
Log output configuration:
 #0: stdout all=warning uptime,level,tags
 #1: stderr all=off uptime,level,tags

Environment Variables:
PATH=C:\ProgramData\Oracle\Java\javapath;C:\WINDOWS\system32;C:\WINDOWS;C:\WINDOWS\System32\Wbem;C:\WINDOWS\System32\WindowsPowerShell\v1.0\;C:\WINDOWS\System32\OpenSSH\;C:\Program Files\nodejs\;C:\Program Files\Docker\Docker\resources\bin;C:\Users\admin\AppData\Local\Microsoft\WindowsApps;C:\Users\admin\AppData\Local\Microsoft\WindowsApps;C:\Users\admin\AppData\Roaming\npm;C:\Program Files\JetBrains\IntelliJ IDEA 2022.2.3\bin;;C:\Users\admin\AppData\Local\Programs\Microsoft VS Code\bin
USERNAME=admin
OS=Windows_NT
PROCESSOR_IDENTIFIER=Intel64 Family 6 Model 30 Stepping 5, GenuineIntel
TMP=C:\Users\admin\AppData\Local\Temp
TEMP=C:\Users\admin\AppData\Local\Temp



---------------  S Y S T E M  ---------------

OS:
 Windows 10 , 64 bit Build 19041 (10.0.19041.3636)
OS uptime: 0 days 12:15 hours
Hyper-V role detected

CPU: total 4 (initial active 4) (4 cores per cpu, 1 threads per core) family 6 model 30 stepping 5 microcode 0xa, cx8, cmov, fxsr, mmx, sse, sse2, sse3, ssse3, sse4.1, sse4.2, popcnt, tsc, tscinvbit, clflush, hv

Memory: 4k page, system-wide physical 4094M (223M free)
TotalPageFile size 16351M (AvailPageFile size 336M)
current process WorkingSet (physical memory assigned to process): 206M, peak: 250M
current process commit charge ("private bytes"): 401M, peak: 706M

vm_info: OpenJDK 64-Bit Server VM (17.0.5+8-LTS) for windows-amd64 JRE (17.0.5+8-LTS), built on Oct 13 2022 05:18:14 by "Administrator" with MS VC++ 15.9 (VS2017)

END.
